[2023-05-03 12:53:06 +0800] [52238] [INFO] Starting gunicorn 20.1.0
[2023-05-03 12:53:06 +0800] [52238] [INFO] Listening at: http://127.0.0.1:8000 (52238)
[2023-05-03 12:53:06 +0800] [52238] [INFO] Using worker: sync
[2023-05-03 12:53:06 +0800] [52239] [INFO] Booting worker with pid: 52239
[2023-05-03 12:53:06 +0800] [52240] [INFO] Booting worker with pid: 52240
[2023-05-03 12:53:06 +0800] [52241] [INFO] Booting worker with pid: 52241
[2023-05-03 12:53:06 +0800] [52242] [INFO] Booting worker with pid: 52242
[2023-05-03 12:53:06 +0800] [52256] [INFO] Booting worker with pid: 52256
[2023-05-03 12:53:06 +0800] [52260] [INFO] Booting worker with pid: 52260
[2023-05-03 12:53:07 +0800] [52261] [INFO] Booting worker with pid: 52261
[2023-05-03 12:53:07 +0800] [52262] [INFO] Booting worker with pid: 52262
[2023-05-03 12:53:07 +0800] [52263] [INFO] Booting worker with pid: 52263
[2023-05-03 12:53:07 +0800] [52264] [INFO] Booting worker with pid: 52264
[2023-05-03 12:53:07 +0800] [52265] [INFO] Booting worker with pid: 52265
[2023-05-03 12:53:07 +0800] [52266] [INFO] Booting worker with pid: 52266
[2023-05-03 12:53:07 +0800] [52267] [INFO] Booting worker with pid: 52267
[2023-05-03 12:53:07 +0800] [52268] [INFO] Booting worker with pid: 52268
[2023-05-03 12:53:07 +0800] [52269] [INFO] Booting worker with pid: 52269
[2023-05-03 12:53:07 +0800] [52270] [INFO] Booting worker with pid: 52270
[2023-05-03 12:53:07 +0800] [52273] [INFO] Booting worker with pid: 52273
[2023-05-03 12:53:07 +0800] [52271] [INFO] Booting worker with pid: 52271
[2023-05-03 12:53:07 +0800] [52272] [INFO] Booting worker with pid: 52272
[2023-05-03 12:53:07 +0800] [52274] [INFO] Booting worker with pid: 52274
[2023-05-03 13:29:57 +0800] [52273] [INFO] Parent changed, shutting down: <Worker 52273>
[2023-05-03 13:29:57 +0800] [52273] [INFO] Worker exiting (pid: 52273)
[2023-05-03 13:29:59 +0800] [52260] [INFO] Parent changed, shutting down: <Worker 52260>
[2023-05-03 13:29:59 +0800] [52260] [INFO] Worker exiting (pid: 52260)
[2023-05-03 13:30:04 +0800] [52242] [INFO] Parent changed, shutting down: <Worker 52242>
[2023-05-03 13:30:04 +0800] [52242] [INFO] Worker exiting (pid: 52242)
[2023-05-03 13:30:04 +0800] [52239] [INFO] Parent changed, shutting down: <Worker 52239>
[2023-05-03 13:30:04 +0800] [52239] [INFO] Worker exiting (pid: 52239)
[2023-05-03 13:30:08 +0800] [52240] [INFO] Parent changed, shutting down: <Worker 52240>
[2023-05-03 13:30:08 +0800] [52240] [INFO] Worker exiting (pid: 52240)
[2023-05-03 13:30:08 +0800] [52261] [INFO] Parent changed, shutting down: <Worker 52261>
[2023-05-03 13:30:08 +0800] [52261] [INFO] Worker exiting (pid: 52261)
[2023-05-03 13:30:08 +0800] [52256] [INFO] Parent changed, shutting down: <Worker 52256>
[2023-05-03 13:30:08 +0800] [52256] [INFO] Worker exiting (pid: 52256)
[2023-05-03 13:30:09 +0800] [52269] [INFO] Parent changed, shutting down: <Worker 52269>
[2023-05-03 13:30:09 +0800] [52269] [INFO] Worker exiting (pid: 52269)
[2023-05-03 13:30:09 +0800] [52266] [INFO] Parent changed, shutting down: <Worker 52266>
[2023-05-03 13:30:09 +0800] [52266] [INFO] Worker exiting (pid: 52266)
[2023-05-03 13:30:09 +0800] [52265] [INFO] Parent changed, shutting down: <Worker 52265>
[2023-05-03 13:30:09 +0800] [52265] [INFO] Worker exiting (pid: 52265)
[2023-05-03 13:30:09 +0800] [52268] [INFO] Parent changed, shutting down: <Worker 52268>
[2023-05-03 13:30:09 +0800] [52268] [INFO] Worker exiting (pid: 52268)
[2023-05-03 13:30:09 +0800] [52263] [INFO] Parent changed, shutting down: <Worker 52263>
[2023-05-03 13:30:09 +0800] [52263] [INFO] Worker exiting (pid: 52263)
[2023-05-03 13:30:09 +0800] [52262] [INFO] Parent changed, shutting down: <Worker 52262>
[2023-05-03 13:30:09 +0800] [52262] [INFO] Worker exiting (pid: 52262)
[2023-05-03 13:30:09 +0800] [52267] [INFO] Parent changed, shutting down: <Worker 52267>
[2023-05-03 13:30:09 +0800] [52267] [INFO] Worker exiting (pid: 52267)
[2023-05-03 13:30:09 +0800] [52274] [INFO] Parent changed, shutting down: <Worker 52274>
[2023-05-03 13:30:09 +0800] [52274] [INFO] Worker exiting (pid: 52274)
[2023-05-03 13:30:09 +0800] [52270] [INFO] Parent changed, shutting down: <Worker 52270>
[2023-05-03 13:30:09 +0800] [52270] [INFO] Worker exiting (pid: 52270)
[2023-05-03 13:30:09 +0800] [52271] [INFO] Parent changed, shutting down: <Worker 52271>
[2023-05-03 13:30:09 +0800] [52271] [INFO] Worker exiting (pid: 52271)
[2023-05-03 13:30:09 +0800] [52264] [INFO] Parent changed, shutting down: <Worker 52264>
[2023-05-03 13:30:09 +0800] [52264] [INFO] Worker exiting (pid: 52264)
[2023-05-03 13:30:09 +0800] [52272] [INFO] Parent changed, shutting down: <Worker 52272>
[2023-05-03 13:30:09 +0800] [52272] [INFO] Worker exiting (pid: 52272)
[2023-05-03 13:30:10 +0800] [52241] [INFO] Parent changed, shutting down: <Worker 52241>
[2023-05-03 13:30:10 +0800] [52241] [INFO] Worker exiting (pid: 52241)
[2023-05-03 13:33:11 +0800] [88547] [INFO] Starting gunicorn 20.1.0
[2023-05-03 13:33:11 +0800] [88547] [INFO] Listening at: http://127.0.0.1:8000 (88547)
[2023-05-03 13:33:11 +0800] [88547] [INFO] Using worker: sync
[2023-05-03 13:33:11 +0800] [88549] [INFO] Booting worker with pid: 88549
[2023-05-03 13:33:11 +0800] [88562] [INFO] Booting worker with pid: 88562
[2023-05-03 13:33:11 +0800] [88563] [INFO] Booting worker with pid: 88563
[2023-05-03 13:33:11 +0800] [88564] [INFO] Booting worker with pid: 88564
[2023-05-03 13:33:11 +0800] [88566] [INFO] Booting worker with pid: 88566
[2023-05-03 13:33:11 +0800] [88565] [INFO] Booting worker with pid: 88565
[2023-05-03 13:33:11 +0800] [88567] [INFO] Booting worker with pid: 88567
[2023-05-03 13:33:11 +0800] [88568] [INFO] Booting worker with pid: 88568
[2023-05-03 13:33:11 +0800] [88569] [INFO] Booting worker with pid: 88569
[2023-05-03 13:33:11 +0800] [88570] [INFO] Booting worker with pid: 88570
[2023-05-03 13:33:11 +0800] [88571] [INFO] Booting worker with pid: 88571
[2023-05-03 13:33:11 +0800] [88572] [INFO] Booting worker with pid: 88572
[2023-05-03 13:33:11 +0800] [88573] [INFO] Booting worker with pid: 88573
[2023-05-03 13:33:11 +0800] [88574] [INFO] Booting worker with pid: 88574
[2023-05-03 13:33:11 +0800] [88575] [INFO] Booting worker with pid: 88575
[2023-05-03 13:33:11 +0800] [88576] [INFO] Booting worker with pid: 88576
[2023-05-03 13:33:11 +0800] [88577] [INFO] Booting worker with pid: 88577
[2023-05-03 13:33:11 +0800] [88578] [INFO] Booting worker with pid: 88578
[2023-05-03 13:33:11 +0800] [88579] [INFO] Booting worker with pid: 88579
[2023-05-03 13:33:11 +0800] [88580] [INFO] Booting worker with pid: 88580
[2023-05-03 13:40:16 +0800] [88547] [INFO] Handling signal: term
[2023-05-03 13:40:16 +0800] [88549] [INFO] Worker exiting (pid: 88549)
[2023-05-03 13:40:16 +0800] [88564] [INFO] Worker exiting (pid: 88564)
[2023-05-03 13:40:16 +0800] [88566] [INFO] Worker exiting (pid: 88566)
[2023-05-03 13:40:16 +0800] [88562] [INFO] Worker exiting (pid: 88562)
[2023-05-03 13:40:16 +0800] [88569] [INFO] Worker exiting (pid: 88569)
[2023-05-03 13:40:16 +0800] [88574] [INFO] Worker exiting (pid: 88574)
[2023-05-03 13:40:16 +0800] [88576] [INFO] Worker exiting (pid: 88576)
[2023-05-03 13:40:16 +0800] [88577] [INFO] Worker exiting (pid: 88577)
[2023-05-03 13:40:16 +0800] [88578] [INFO] Worker exiting (pid: 88578)
[2023-05-03 13:40:16 +0800] [88565] [INFO] Worker exiting (pid: 88565)
[2023-05-03 13:40:16 +0800] [88568] [INFO] Worker exiting (pid: 88568)
[2023-05-03 13:40:16 +0800] [88575] [INFO] Worker exiting (pid: 88575)
[2023-05-03 13:40:16 +0800] [88571] [INFO] Worker exiting (pid: 88571)
[2023-05-03 13:40:16 +0800] [88563] [INFO] Worker exiting (pid: 88563)
[2023-05-03 13:40:16 +0800] [88570] [INFO] Worker exiting (pid: 88570)
[2023-05-03 13:40:16 +0800] [88572] [INFO] Worker exiting (pid: 88572)
[2023-05-03 13:40:16 +0800] [88573] [INFO] Worker exiting (pid: 88573)
[2023-05-03 13:40:16 +0800] [88567] [INFO] Worker exiting (pid: 88567)
[2023-05-03 13:40:16 +0800] [88579] [INFO] Worker exiting (pid: 88579)
[2023-05-03 13:40:16 +0800] [88580] [INFO] Worker exiting (pid: 88580)
[2023-05-03 13:40:16 +0800] [88547] [WARNING] Worker with pid 88576 was terminated due to signal 15
[2023-05-03 13:40:16 +0800] [88547] [WARNING] Worker with pid 88569 was terminated due to signal 15
[2023-05-03 13:40:16 +0800] [88547] [WARNING] Worker with pid 88570 was terminated due to signal 15
[2023-05-03 13:40:16 +0800] [88547] [WARNING] Worker with pid 88564 was terminated due to signal 15
[2023-05-03 13:40:16 +0800] [88547] [WARNING] Worker with pid 88571 was terminated due to signal 15
[2023-05-03 13:40:16 +0800] [88547] [WARNING] Worker with pid 88577 was terminated due to signal 15
[2023-05-03 13:40:16 +0800] [88547] [WARNING] Worker with pid 88567 was terminated due to signal 15
[2023-05-03 13:40:16 +0800] [88547] [WARNING] Worker with pid 88578 was terminated due to signal 15
[2023-05-03 13:40:16 +0800] [88547] [WARNING] Worker with pid 88580 was terminated due to signal 15
[2023-05-03 13:40:16 +0800] [88547] [WARNING] Worker with pid 88566 was terminated due to signal 15
[2023-05-03 13:40:16 +0800] [88547] [WARNING] Worker with pid 88575 was terminated due to signal 15
[2023-05-03 13:40:16 +0800] [88547] [WARNING] Worker with pid 88573 was terminated due to signal 15
[2023-05-03 13:40:16 +0800] [88547] [WARNING] Worker with pid 88574 was terminated due to signal 15
[2023-05-03 13:40:16 +0800] [88547] [WARNING] Worker with pid 88572 was terminated due to signal 15
[2023-05-03 13:40:16 +0800] [88547] [WARNING] Worker with pid 88565 was terminated due to signal 15
[2023-05-03 13:40:16 +0800] [88547] [WARNING] Worker with pid 88562 was terminated due to signal 15
[2023-05-03 13:40:16 +0800] [88547] [WARNING] Worker with pid 88563 was terminated due to signal 15
[2023-05-03 13:40:16 +0800] [88547] [INFO] Shutting down: Master
